<?xml version="1.0" encoding="UTF-8"?>
<testng-results skipped="0" failed="0" total="1" passed="1">
  <reporter-output>
  </reporter-output>
  <suite name="TestVagrant&#039;s Code Review" duration-ms="20054" started-at="2022-09-04T16:34:54Z" finished-at="2022-09-04T16:35:14Z">
    <groups>
    </groups>
    <test name="Imdb_Wikipedia_Validation" duration-ms="20054" started-at="2022-09-04T16:34:54Z" finished-at="2022-09-04T16:35:14Z">
      <class name="FunctionalLibraries.EndtoEnd">
        <test-method status="PASS" signature="InitializeBrowser()[pri:0, instance:FunctionalLibraries.EndtoEnd@148080bb]" name="InitializeBrowser" is-config="true" duration-ms="9514" started-at="2022-09-04T22:04:54Z" finished-at="2022-09-04T22:05:03Z">
          <reporter-output>
          </reporter-output>
        </test-method> <!-- InitializeBrowser -->
        <test-method status="PASS" signature="Imdb_Wiki_validation()[pri:0, instance:FunctionalLibraries.EndtoEnd@148080bb]" name="Imdb_Wiki_validation" duration-ms="10456" started-at="2022-09-04T22:05:03Z" finished-at="2022-09-04T22:05:14Z">
          <reporter-output>
          </reporter-output>
        </test-method> <!-- Imdb_Wiki_validation -->
        <test-method status="PASS" signature="Browser_close()[pri:0, instance:FunctionalLibraries.EndtoEnd@148080bb]" name="Browser_close" is-config="true" duration-ms="48" started-at="2022-09-04T22:05:14Z" finished-at="2022-09-04T22:05:14Z">
          <reporter-output>
          </reporter-output>
        </test-method> <!-- Browser_close -->
      </class> <!-- FunctionalLibraries.EndtoEnd -->
    </test> <!-- Imdb_Wikipedia_Validation -->
  </suite> <!-- TestVagrant's Code Review -->
</testng-results>
